  main.cpp
C:\src\vcpkg\installed\x64-windows\include\Eigen\src\Core\arch\Default\Half.h(1,1): warning C4819: 该文件包含不能在当前代码页(936)中表示的字符。请将该文件保存为 Unicode 格式以防止数据丢失
C:\src\vcpkg\installed\x64-windows\include\Eigen\src\Core\arch\Default\BFloat16.h(1,1): warning C4819: 该文件包含不能在当前代码页(936)中表示的字符。请将该文件保存为 Unicode 格式以防止数据丢失
C:\src\vcpkg\installed\x64-windows\include\Eigen\src\Core\arch\Default\GenericPacketMathFunctions.h(676,1): warning C4819: 该文件包含不能在当前代码页(936)中表示的字符。请将该文件保存为 Unicode 格式以防止数据丢失
C:\src\vcpkg\installed\x64-windows\include\opencv2\objdetect\aruco_board.hpp(1,1): warning C4819: 该文件包含不能在当前代码页(936)中表示的字符。请将该文件保存为 Unicode 格式以防止数据丢失
D:\Data\codes\vs\RayTracingOnCPU\RayTracingOnCPU\bvh1.h(1,1): warning C4819: 该文件包含不能在当前代码页(936)中表示的字符。请将该文件保存为 Unicode 格式以防止数据丢失
D:\Data\codes\vs\RayTracingOnCPU\RayTracingOnCPU\bvh1.h(146,25): warning C4244: “初始化”: 从“double”转换到“float”，可能丢失数据
D:\Data\codes\vs\RayTracingOnCPU\RayTracingOnCPU\bvh1.h(155,26): warning C4244: “初始化”: 从“double”转换到“float”，可能丢失数据
D:\Data\codes\vs\RayTracingOnCPU\RayTracingOnCPU\pathtracing.h(10,23): warning C4305: “初始化”: 从“double”到“float”截断
D:\Data\codes\vs\RayTracingOnCPU\RayTracingOnCPU\pathtracing.h(31,45): warning C4244: “参数”: 从“time_t”转换到“unsigned int”，可能丢失数据
D:\Data\codes\vs\RayTracingOnCPU\RayTracingOnCPU\pathtracing.h(72,45): warning C4244: “参数”: 从“time_t”转换到“unsigned int”，可能丢失数据
D:\Data\codes\vs\RayTracingOnCPU\RayTracingOnCPU\pathtracing.h(178,15): warning C4244: “初始化”: 从“double”转换到“int”，可能丢失数据
D:\Data\codes\vs\RayTracingOnCPU\RayTracingOnCPU\pathtracing.h(178,40): warning C4244: “初始化”: 从“double”转换到“int”，可能丢失数据
D:\Data\codes\vs\RayTracingOnCPU\RayTracingOnCPU\pathtracing.h(181,33): warning C4244: “=”: 从“double”转换到“T”，可能丢失数据
          with
          [
              T=float
          ]
D:\Data\codes\vs\RayTracingOnCPU\RayTracingOnCPU\pathtracing.h(181,64): warning C4244: “=”: 从“double”转换到“T”，可能丢失数据
          with
          [
              T=float
          ]
D:\Data\codes\vs\RayTracingOnCPU\RayTracingOnCPU\pathtracing.h(181,95): warning C4244: “=”: 从“double”转换到“T”，可能丢失数据
          with
          [
              T=float
          ]
D:\Data\codes\vs\RayTracingOnCPU\RayTracingOnCPU\pathtracing.h(190,45): warning C4244: “参数”: 从“time_t”转换到“unsigned int”，可能丢失数据
D:\Data\codes\vs\RayTracingOnCPU\RayTracingOnCPU\pathtracing.h(221,26): warning C4244: “初始化”: 从“double”转换到“float”，可能丢失数据
D:\Data\codes\vs\RayTracingOnCPU\RayTracingOnCPU\pathtracing.h(221,60): warning C4244: “初始化”: 从“double”转换到“float”，可能丢失数据
D:\Data\codes\vs\RayTracingOnCPU\RayTracingOnCPU\pathtracing.h(221,94): warning C4244: “初始化”: 从“double”转换到“float”，可能丢失数据
D:\Data\codes\vs\RayTracingOnCPU\RayTracingOnCPU\pathtracing.h(242,29): warning C4244: “初始化”: 从“double”转换到“float”，可能丢失数据
D:\Data\codes\vs\RayTracingOnCPU\RayTracingOnCPU\main.cpp(60,45): warning C4244: “参数”: 从“time_t”转换到“unsigned int”，可能丢失数据
D:\Data\codes\vs\RayTracingOnCPU\RayTracingOnCPU\main.cpp(78,19): warning C4244: “参数”: 从“double”转换到“int”，可能丢失数据
D:\Data\codes\vs\RayTracingOnCPU\RayTracingOnCPU\main.cpp(79,86): warning C4267: “参数”: 从“size_t”转换到“int”，可能丢失数据
D:\Data\codes\vs\RayTracingOnCPU\RayTracingOnCPU\main.cpp(97,51): warning C4244: “参数”: 从“double”转换到“float”，可能丢失数据
D:\Data\codes\vs\RayTracingOnCPU\RayTracingOnCPU\main.cpp(97,48): warning C4244: “参数”: 从“double”转换到“float”，可能丢失数据
D:\Data\codes\vs\RayTracingOnCPU\RayTracingOnCPU\main.cpp(63,25): warning C4101: “current”: 未引用的局部变量
  RayTracingOnCPU.vcxproj -> D:\Data\codes\vs\RayTracingOnCPU\x64\Debug\RayTracingOnCPU.exe
