d:\data\codes\vs\raytracingoncpu\raytracingoncpu\x64\release\vc142.pdb
d:\data\codes\vs\raytracingoncpu\raytracingoncpu\x64\release\test.obj
d:\data\codes\vs\raytracingoncpu\raytracingoncpu\x64\release\main.obj
d:\data\codes\vs\raytracingoncpu\raytracingoncpu\x64\release\scene.obj
d:\data\codes\vs\raytracingoncpu\raytracingoncpu\x64\release\pathtracing.obj
d:\data\codes\vs\raytracingoncpu\x64\release\raytracingoncpu.exe
d:\data\codes\vs\raytracingoncpu\raytracingoncpu\x64\release\raytracingoncpu.ipdb
d:\data\codes\vs\raytracingoncpu\raytracingoncpu\x64\release\raytracingoncpu.iobj
d:\data\codes\vs\raytracingoncpu\x64\release\raytracingoncpu.pdb
d:\data\codes\vs\raytracingoncpu\x64\release\tinyxml2.dll
d:\data\codes\vs\raytracingoncpu\x64\release\opencv_core4.dll
d:\data\codes\vs\raytracingoncpu\x64\release\zlib1.dll
d:\data\codes\vs\raytracingoncpu\x64\release\opencv_imgcodecs4.dll
d:\data\codes\vs\raytracingoncpu\x64\release\opencv_imgproc4.dll
d:\data\codes\vs\raytracingoncpu\x64\release\jpeg62.dll
d:\data\codes\vs\raytracingoncpu\x64\release\libwebpdecoder.dll
d:\data\codes\vs\raytracingoncpu\x64\release\libwebp.dll
d:\data\codes\vs\raytracingoncpu\x64\release\libsharpyuv.dll
d:\data\codes\vs\raytracingoncpu\x64\release\libpng16.dll
d:\data\codes\vs\raytracingoncpu\x64\release\tiff.dll
d:\data\codes\vs\raytracingoncpu\x64\release\liblzma.dll
d:\data\codes\vs\raytracingoncpu\raytracingoncpu\x64\release\raytracingoncpu.tlog\cl.command.1.tlog
d:\data\codes\vs\raytracingoncpu\raytracingoncpu\x64\release\raytracingoncpu.tlog\cl.read.1.tlog
d:\data\codes\vs\raytracingoncpu\raytracingoncpu\x64\release\raytracingoncpu.tlog\cl.write.1.tlog
d:\data\codes\vs\raytracingoncpu\raytracingoncpu\x64\release\raytracingoncpu.tlog\link.command.1.tlog
d:\data\codes\vs\raytracingoncpu\raytracingoncpu\x64\release\raytracingoncpu.tlog\link.read.1.tlog
d:\data\codes\vs\raytracingoncpu\raytracingoncpu\x64\release\raytracingoncpu.tlog\link.write.1.tlog
d:\data\codes\vs\raytracingoncpu\raytracingoncpu\x64\release\raytracingoncpu.tlog\raytracingoncpu.write.1u.tlog
